C:\USERS\1\DESKTOP\METRO2012\METRO2012\RELEASE\METRO2012.PCH
C:\USERS\1\DESKTOP\METRO2012\METRO2012\RELEASE\STDAFX.OBJ
C:\USERS\1\DESKTOP\METRO2012\METRO2012\RELEASE\VC100.PDB
C:\USERS\1\DESKTOP\METRO2012\METRO2012\RELEASE\TRAIN.OBJ
C:\USERS\1\DESKTOP\METRO2012\METRO2012\RELEASE\STATION.OBJ
C:\USERS\1\DESKTOP\METRO2012\METRO2012\RELEASE\METRO2012.OBJ
C:\USERS\1\DESKTOP\METRO2012\METRO2012\RELEASE\WINDOW.OBJ
C:\USERS\1\DESKTOP\METRO2012\METRO2012\RELEASE\SECTOR.OBJ
C:\USERS\1\DESKTOP\METRO2012 (1.005)\METRO2012\RELEASE\METRO2012.PCH
C:\USERS\1\DESKTOP\METRO2012 (1.005)\METRO2012\RELEASE\STDAFX.OBJ
C:\USERS\1\DESKTOP\METRO2012 (1.005)\METRO2012\RELEASE\VC110.PDB
C:\USERS\1\DESKTOP\METRO2012 (1.005)\METRO2012\RELEASE\WINDOW.OBJ
C:\USERS\1\DESKTOP\METRO2012 (1.005)\METRO2012\RELEASE\TRAIN.OBJ
C:\USERS\1\DESKTOP\METRO2012 (1.005)\METRO2012\RELEASE\STATION.OBJ
C:\USERS\1\DESKTOP\METRO2012 (1.005)\METRO2012\RELEASE\SECTOR.OBJ
C:\USERS\1\DESKTOP\METRO2012 (1.005)\METRO2012\RELEASE\METRO2012.OBJ
C:\USERS\1\DESKTOP\METRO2012\RELEASE\METRO2012.EXE
C:\USERS\1\DESKTOP\METRO2012\METRO2012\RELEASE\METRO2012.EXE.INTERMEDIATE.MANIFEST
C:\USERS\1\DESKTOP\METRO2012\RELEASE\METRO2012.PDB
C:\Users\1\Desktop\METRO2012 (1.005)\METRO2012\Release\METRO2012.obj
C:\Users\1\Desktop\METRO2012 (1.005)\METRO2012\Release\Sector.obj
C:\Users\1\Desktop\METRO2012 (1.005)\METRO2012\Release\Station.obj
C:\Users\1\Desktop\METRO2012 (1.005)\METRO2012\Release\stdafx.obj
C:\Users\1\Desktop\METRO2012 (1.005)\METRO2012\Release\Train.obj
C:\Users\1\Desktop\METRO2012 (1.005)\METRO2012\Release\Window.obj
C:\Users\1\Desktop\METRO2012 (1.005)\METRO2012\Release\cl.command.1.tlog
C:\Users\1\Desktop\METRO2012 (1.005)\METRO2012\Release\CL.read.1.tlog
C:\Users\1\Desktop\METRO2012 (1.005)\METRO2012\Release\CL.write.1.tlog
C:\Users\1\Desktop\METRO2012 (1.005)\METRO2012\Release\link-cvtres.read.1.tlog
C:\Users\1\Desktop\METRO2012 (1.005)\METRO2012\Release\link-cvtres.write.1.tlog
C:\Users\1\Desktop\METRO2012 (1.005)\METRO2012\Release\link-rc.read.1.tlog
C:\Users\1\Desktop\METRO2012 (1.005)\METRO2012\Release\link-rc.write.1.tlog
C:\Users\1\Desktop\METRO2012 (1.005)\METRO2012\Release\link.command.1.tlog
C:\Users\1\Desktop\METRO2012 (1.005)\METRO2012\Release\link.read.1.tlog
C:\Users\1\Desktop\METRO2012 (1.005)\METRO2012\Release\link.write.1.tlog
C:\Users\1\Desktop\METRO2012 (1.005)\METRO2012\Release\mt.command.1.tlog
C:\Users\1\Desktop\METRO2012 (1.005)\METRO2012\Release\mt.read.1.tlog
C:\Users\1\Desktop\METRO2012 (1.005)\METRO2012\Release\mt.write.1.tlog
C:\Users\1\Desktop\METRO2012 (1.005)\METRO2012\Release\METRO2012.exe.intermediate.manifest
C:\Users\1\Desktop\METRO2012 (1.005)\METRO2012\Release\METRO2012.pch
C:\Users\1\Desktop\METRO2012 (1.005)\METRO2012\Release\vc100.pdb
C:\Users\1\Desktop\METRO2012 (1.005)\METRO2012\Release\vc110.pdb
C:\Users\1\Desktop\METRO2012 (1.005)\Release\METRO2012.pdb
